<?xml version="1.0" encoding="UTF-8"?>
<testng-results skipped="0" failed="0" ignored="0" total="6" passed="6">
  <reporter-output>
  </reporter-output>
  <suite name="Command line suite" duration-ms="63" started-at="2019-05-29T19:45:35Z" finished-at="2019-05-29T19:45:35Z">
    <groups>
    </groups>
    <test name="Command line test" duration-ms="63" started-at="2019-05-29T19:45:35Z" finished-at="2019-05-29T19:45:35Z">
      <class name="qaclickacademy.AppiumTest">
        <test-method status="PASS" signature="IOSApps()[pri:0, instance:qaclickacademy.AppiumTest@6aaa5eb0]" name="IOSApps" duration-ms="15" started-at="2019-05-29T15:45:35Z" finished-at="2019-05-29T15:45:35Z">
          <reporter-output>
          </reporter-output>
        </test-method> <!-- IOSApps -->
        <test-method status="PASS" signature="postJira()[pri:0, instance:qaclickacademy.AppiumTest@6aaa5eb0]" name="postJira" duration-ms="1" started-at="2019-05-29T15:45:35Z" finished-at="2019-05-29T15:45:35Z">
          <reporter-output>
          </reporter-output>
        </test-method> <!-- postJira -->
      </class> <!-- qaclickacademy.AppiumTest -->
      <class name="qaclickacademy.RESTAPITest">
        <test-method status="PASS" signature="deleteTwitter()[pri:0, instance:qaclickacademy.RESTAPITest@3d8c7aca]" name="deleteTwitter" duration-ms="0" started-at="2019-05-29T15:45:35Z" finished-at="2019-05-29T15:45:35Z">
          <reporter-output>
          </reporter-output>
        </test-method> <!-- deleteTwitter -->
        <test-method status="PASS" signature="postJira()[pri:0, instance:qaclickacademy.RESTAPITest@3d8c7aca]" name="postJira" duration-ms="0" started-at="2019-05-29T15:45:35Z" finished-at="2019-05-29T15:45:35Z">
          <reporter-output>
          </reporter-output>
        </test-method> <!-- postJira -->
      </class> <!-- qaclickacademy.RESTAPITest -->
      <class name="qaclickacademy.SeleniumTest">
        <test-method status="PASS" signature="BrowsrAutomation()[pri:0, instance:qaclickacademy.SeleniumTest@5ebec15]" name="BrowsrAutomation" duration-ms="0" started-at="2019-05-29T15:45:35Z" finished-at="2019-05-29T15:45:35Z">
          <reporter-output>
          </reporter-output>
        </test-method> <!-- BrowsrAutomation -->
        <test-method status="PASS" signature="elementsUI()[pri:0, instance:qaclickacademy.SeleniumTest@5ebec15]" name="elementsUI" duration-ms="0" started-at="2019-05-29T15:45:35Z" finished-at="2019-05-29T15:45:35Z">
          <reporter-output>
          </reporter-output>
        </test-method> <!-- elementsUI -->
      </class> <!-- qaclickacademy.SeleniumTest -->
    </test> <!-- Command line test -->
  </suite> <!-- Command line suite -->
</testng-results>
